2021-11-23 11:16:21  INFO [org.springframework.boot.StartupInfoLogger] - Starting SynctreeRfcApplication using Java 16.0.2 on DESKTOP-4HH6JA9 with PID 11188 (C:\Projects\SyncTreeRFC\synctree-rfc\SynctreeRFC\target\classes started by User in C:\Projects\SyncTreeRFC\synctree-rfc\SynctreeRFC)
2021-11-23 11:16:21  INFO [org.springframework.boot.SpringApplication] - No active profile set, falling back to default profiles: default
2021-11-23 11:16:22  INFO [org.springframework.boot.logging.DeferredLog] - Devtools property defaults active! Set 'spring.devtools.add-properties' to 'false' to disable
2021-11-23 11:16:22  INFO [org.springframework.boot.logging.DeferredLog] - For additional web related logging consider setting the 'logging.level.web' property to 'DEBUG'
2021-11-23 11:16:22  INFO [org.springframework.context.support.PostProcessorRegistrationDelegate$BeanPostProcessorChecker] - Bean 'org.springframework.ws.config.annotation.DelegatingWsConfiguration' of type [org.springframework.ws.config.annotation.DelegatingWsConfiguration$$EnhancerBySpringCGLIB$$6b7358fc] is not eligible for getting processed by all BeanPostProcessors (for example: not eligible for auto-proxying)
2021-11-23 11:16:22  INFO [org.springframework.ws.soap.addressing.server.AbstractAddressingEndpointMapping] - Supporting [WS-Addressing August 2004, WS-Addressing 1.0]
2021-11-23 11:16:22  INFO [org.springframework.boot.web.embedded.tomcat.TomcatWebServer] - Tomcat initialized with port(s): 8070 (http)
2021-11-23 11:16:22  INFO [org.apache.juli.logging.DirectJDKLog] - Initializing ProtocolHandler ["http-nio-8070"]
2021-11-23 11:16:22  INFO [org.apache.juli.logging.DirectJDKLog] - Starting service [Tomcat]
2021-11-23 11:16:22  INFO [org.apache.juli.logging.DirectJDKLog] - Starting Servlet engine: [Apache Tomcat/9.0.52]
2021-11-23 11:16:22  INFO [org.apache.juli.logging.DirectJDKLog] - At least one JAR was scanned for TLDs yet contained no TLDs. Enable debug logging for this logger for a complete list of JARs that were scanned but no TLDs were found in them. Skipping unneeded JARs during scanning can improve startup time and JSP compilation time.
2021-11-23 11:16:22  INFO [org.apache.juli.logging.DirectJDKLog] - Initializing Spring embedded WebApplicationContext
2021-11-23 11:16:22  INFO [org.springframework.boot.web.servlet.context.ServletWebServerApplicationContext] - Root WebApplicationContext: initialization completed in 785 ms
2021-11-23 11:16:23  INFO [org.springframework.boot.autoconfigure.web.servlet.WelcomePageHandlerMapping] - Adding welcome page template: index
2021-11-23 11:16:23  INFO [org.springframework.boot.devtools.autoconfigure.OptionalLiveReloadServer] - LiveReload server is running on port 35729
2021-11-23 11:16:23  INFO [org.apache.juli.logging.DirectJDKLog] - Starting ProtocolHandler ["http-nio-8070"]
2021-11-23 11:16:23  INFO [org.springframework.boot.web.embedded.tomcat.TomcatWebServer] - Tomcat started on port(s): 8070 (http) with context path ''
2021-11-23 11:16:23  INFO [org.springframework.boot.StartupInfoLogger] - Started SynctreeRfcApplication in 1.37 seconds (JVM running for 2.004)
2021-11-23 11:18:10  INFO [org.apache.juli.logging.DirectJDKLog] - Initializing Spring DispatcherServlet 'dispatcherServlet'
2021-11-23 11:18:10  INFO [org.springframework.web.servlet.FrameworkServlet] - Initializing Servlet 'dispatcherServlet'
2021-11-23 11:18:10  INFO [org.springframework.web.servlet.FrameworkServlet] - Completed initialization in 0 ms
2021-11-23 11:18:10  INFO [com.synctree.framework.rfc.RFCController] - [className]: com.synctree.framework.rfc.UtilHandler
2021-11-23 11:18:10  INFO [com.synctree.framework.rfc.RFCController] - [functionName]: AES256Func
2021-11-23 11:18:10  INFO [com.synctree.framework.rfc.RFCController] - [X-Synctree-Secure-Key]: a3320caa2106214ac0ab63e57dba542e
2021-11-23 11:18:10  INFO [com.synctree.framework.rfc.RFCController] - [X-Synctree-Verification-Code]: aa4654baghe546
2021-11-23 11:18:10  INFO [com.synctree.framework.rfc.RFCController] - [className]: com.synctree.framework.rfc.UtilHandler
2021-11-23 11:18:10  INFO [com.synctree.framework.rfc.RFCController] - [functionName]: AES256Func
2021-11-23 11:18:10  INFO [com.synctree.framework.rfc.RFCController] - [X-Synctree-Secure-Key]: 36a9c584b7b4db5c1db69e1896aa129a
2021-11-23 11:18:10  INFO [com.synctree.framework.rfc.RFCController] - [X-Synctree-Verification-Code]: aa4654baghe546
2021-11-23 11:18:10  INFO [com.synctree.framework.rfc.RFCController] - [Secure Protocol Response] Status Code: 200, Response Message: OK
2021-11-23 11:18:10  INFO [com.synctree.framework.rfc.RFCController] - [params] {"str1":"Hello, SyncTree!","str2":"8vWbVc9G2b+8MJMnPhtxP\/9\/RCv4MT8sudzQZ6X3Cio="}
2021-11-23 11:18:10  INFO [com.synctree.framework.rfc.UtilHandler] - AES_Encode/Decode Method Call Succeed
2021-11-23 11:18:10  INFO [com.synctree.framework.rfc.UtilHandler] - AES_Encode/Decode Method End
2021-11-23 11:18:10  INFO [com.synctree.framework.rfc.RFCController] - [Secure Protocol Response] Status Code: 200, Response Message: OK
2021-11-23 11:18:10  INFO [com.synctree.framework.rfc.RFCController] - [params] {"str1":"Hello, SyncTree!","str2":"8vWbVc9G2b+8MJMnPhtxP\/9\/RCv4MT8sudzQZ6X3Cio="}
2021-11-23 11:18:10  INFO [com.synctree.framework.rfc.UtilHandler] - AES_Encode/Decode Method Call Succeed
2021-11-23 11:18:10  INFO [com.synctree.framework.rfc.UtilHandler] - AES_Encode/Decode Method End
2021-11-23 11:18:14  INFO [com.synctree.framework.rfc.RFCController] - [className]: com.synctree.framework.rfc.UtilHandler
2021-11-23 11:18:14  INFO [com.synctree.framework.rfc.RFCController] - [functionName]: AES256Func
2021-11-23 11:18:14  INFO [com.synctree.framework.rfc.RFCController] - [X-Synctree-Secure-Key]: 2cb0af93f1bc8b4efed09bdd7ad9d9d3
2021-11-23 11:18:14  INFO [com.synctree.framework.rfc.RFCController] - [X-Synctree-Verification-Code]: aa4654baghe546
2021-11-23 11:18:14  INFO [com.synctree.framework.rfc.RFCController] - [Secure Protocol Response] Status Code: 200, Response Message: OK
2021-11-23 11:18:14  INFO [com.synctree.framework.rfc.RFCController] - [params] {"str1":"Hello, SyncTree!","str2":"8vWbVc9G2b+8MJMnPhtxP\/9\/RCv4MT8sudzQZ6X3Cio="}
2021-11-23 11:18:14  INFO [com.synctree.framework.rfc.UtilHandler] - AES_Encode/Decode Method Call Succeed
2021-11-23 11:18:14  INFO [com.synctree.framework.rfc.UtilHandler] - AES_Encode/Decode Method End
2021-11-23 11:18:31  INFO [com.synctree.framework.rfc.RFCController] - [className]: com.synctree.framework.rfc.InsureHandler
2021-11-23 11:18:31  INFO [com.synctree.framework.rfc.RFCController] - [functionName]: takeOutInsurance
2021-11-23 11:18:31  INFO [com.synctree.framework.rfc.RFCController] - [X-Synctree-Secure-Key]: 59358255ca5e949389007811615a9fca
2021-11-23 11:18:31  INFO [com.synctree.framework.rfc.RFCController] - [X-Synctree-Verification-Code]: aa4654baghe546
2021-11-23 11:18:31  INFO [com.synctree.framework.rfc.RFCController] - [Secure Protocol Response] Status Code: 200, Response Message: OK
2021-11-23 11:18:31  INFO [com.synctree.framework.rfc.RFCController] - [params] {"req":{"startDate":"2021-11-10 09","endDate":"2021-11-15 21","period":5,"prodType":"TR0001","totalPrice":"10780","payMethod":"card","customerInfo":{"custName":{"ko":"강형욱","en":"Hyunwook Gang"},"registNum":"8512201054862","phoneNum":"01056882165","email":"puppylover@ntuple.com","age":40,"gender":"M"}}}
2021-11-23 11:18:31  INFO [com.synctree.framework.rfc.InsureHandler] - [TakeOutInsurance Method Call suceed]
2021-11-23 11:18:31  INFO [com.synctree.framework.rfc.InsureHandler] - InsureDTO [startDate=2021-11-10 09, endDate=2021-11-15 21, birthDate=null, gender=M, prodType=TR0001, period=5, age=40, totalPrice=10780, payMethod=card, couponUseYn=null, contractStatusCode=null, custID=null, custNameKo=강형욱, custNameEn=Hyunwook Gang, registNum=8512201054862, phoneNum=01056882165, email=puppylover@ntuple.com, result=null]
2021-11-23 11:18:31  INFO [com.synctree.service.impl.InsureServiceImpl] - [TakeOutInsurance Business Logic Begin]
2021-11-23 11:18:31  INFO [com.zaxxer.hikari.HikariDataSource] - HikariPool-1 - Starting...
2021-11-23 11:18:31  INFO [com.zaxxer.hikari.HikariDataSource] - HikariPool-1 - Start completed.
2021-11-23 11:18:31  INFO [com.synctree.service.impl.InsureServiceImpl] - [TakeOutInsurance Business Logic End]
2021-11-23 11:18:31  INFO [com.synctree.framework.rfc.InsureHandler] - InsureDTO [startDate=2021-11-10 09, endDate=2021-11-15 21, birthDate=null, gender=M, prodType=TR0001, period=5, age=40, totalPrice=10780, payMethod=card, couponUseYn=N, contractStatusCode=001, custID=1000000179, custNameKo=강형욱, custNameEn=Hyunwook Gang, registNum=8512201054862, phoneNum=01056882165, email=puppylover@ntuple.com, result=[{resultCode=S001, contractID=5000000099, contractStatusCode=001, productName=참좋은 여행자 보험}]]
2021-11-23 11:18:31  INFO [com.synctree.framework.rfc.InsureHandler] - [TakeOutInsurance Method End]
2021-11-23 11:18:31  INFO [com.synctree.rfc.TestController] - [PartnerRetrieveContractId Start]
2021-11-23 11:18:31  INFO [com.synctree.rfc.TestController] - [partner_contract_id generated] :: H007312VS
2021-11-23 11:18:31  INFO [com.synctree.rfc.TestController] - [PartnerRetrieveContractId End]
2021-11-23 11:18:42  INFO [com.zaxxer.hikari.HikariDataSource] - HikariPool-1 - Shutdown initiated...
2021-11-23 11:18:42  INFO [com.zaxxer.hikari.HikariDataSource] - HikariPool-1 - Shutdown completed.
2021-11-23 11:18:42  INFO [org.springframework.boot.StartupInfoLogger] - Starting SynctreeRfcApplication using Java 16.0.2 on DESKTOP-4HH6JA9 with PID 11188 (C:\Projects\SyncTreeRFC\synctree-rfc\SynctreeRFC\target\classes started by User in C:\Projects\SyncTreeRFC\synctree-rfc\SynctreeRFC)
2021-11-23 11:18:42  INFO [org.springframework.boot.SpringApplication] - No active profile set, falling back to default profiles: default
2021-11-23 11:18:42  INFO [org.springframework.context.support.PostProcessorRegistrationDelegate$BeanPostProcessorChecker] - Bean 'org.springframework.ws.config.annotation.DelegatingWsConfiguration' of type [org.springframework.ws.config.annotation.DelegatingWsConfiguration$$EnhancerBySpringCGLIB$$6b7358fc] is not eligible for getting processed by all BeanPostProcessors (for example: not eligible for auto-proxying)
2021-11-23 11:18:42  INFO [org.springframework.ws.soap.addressing.server.AbstractAddressingEndpointMapping] - Supporting [WS-Addressing August 2004, WS-Addressing 1.0]
2021-11-23 11:18:42  INFO [org.springframework.boot.web.embedded.tomcat.TomcatWebServer] - Tomcat initialized with port(s): 8070 (http)
2021-11-23 11:18:42  INFO [org.apache.juli.logging.DirectJDKLog] - Initializing ProtocolHandler ["http-nio-8070"]
2021-11-23 11:18:42  INFO [org.apache.juli.logging.DirectJDKLog] - Starting service [Tomcat]
2021-11-23 11:18:42  INFO [org.apache.juli.logging.DirectJDKLog] - Starting Servlet engine: [Apache Tomcat/9.0.52]
2021-11-23 11:18:42  INFO [org.apache.juli.logging.DirectJDKLog] - At least one JAR was scanned for TLDs yet contained no TLDs. Enable debug logging for this logger for a complete list of JARs that were scanned but no TLDs were found in them. Skipping unneeded JARs during scanning can improve startup time and JSP compilation time.
2021-11-23 11:18:42  INFO [org.apache.juli.logging.DirectJDKLog] - Initializing Spring embedded WebApplicationContext
2021-11-23 11:18:42  INFO [org.springframework.boot.web.servlet.context.ServletWebServerApplicationContext] - Root WebApplicationContext: initialization completed in 165 ms
2021-11-23 11:18:42  INFO [org.springframework.boot.autoconfigure.web.servlet.WelcomePageHandlerMapping] - Adding welcome page template: index
2021-11-23 11:18:42  INFO [org.springframework.boot.devtools.autoconfigure.OptionalLiveReloadServer] - LiveReload server is running on port 35729
2021-11-23 11:18:42  INFO [org.apache.juli.logging.DirectJDKLog] - Starting ProtocolHandler ["http-nio-8070"]
2021-11-23 11:18:42  INFO [org.springframework.boot.web.embedded.tomcat.TomcatWebServer] - Tomcat started on port(s): 8070 (http) with context path ''
2021-11-23 11:18:42  INFO [org.springframework.boot.StartupInfoLogger] - Started SynctreeRfcApplication in 0.268 seconds (JVM running for 141.151)
2021-11-23 11:18:42  INFO [org.springframework.boot.devtools.autoconfigure.ConditionEvaluationDeltaLoggingListener] - Condition evaluation unchanged
2021-11-23 11:19:46  INFO [org.springframework.boot.StartupInfoLogger] - Starting SynctreeRfcApplication using Java 16.0.2 on DESKTOP-4HH6JA9 with PID 11188 (C:\Projects\SyncTreeRFC\synctree-rfc\SynctreeRFC\target\classes started by User in C:\Projects\SyncTreeRFC\synctree-rfc\SynctreeRFC)
2021-11-23 11:19:46  INFO [org.springframework.boot.SpringApplication] - No active profile set, falling back to default profiles: default
2021-11-23 11:19:46  INFO [org.springframework.context.support.PostProcessorRegistrationDelegate$BeanPostProcessorChecker] - Bean 'org.springframework.ws.config.annotation.DelegatingWsConfiguration' of type [org.springframework.ws.config.annotation.DelegatingWsConfiguration$$EnhancerBySpringCGLIB$$6b7358fc] is not eligible for getting processed by all BeanPostProcessors (for example: not eligible for auto-proxying)
2021-11-23 11:19:46  INFO [org.springframework.ws.soap.addressing.server.AbstractAddressingEndpointMapping] - Supporting [WS-Addressing August 2004, WS-Addressing 1.0]
2021-11-23 11:19:46  INFO [org.springframework.boot.web.embedded.tomcat.TomcatWebServer] - Tomcat initialized with port(s): 8080 (http)
2021-11-23 11:19:46  INFO [org.apache.juli.logging.DirectJDKLog] - Initializing ProtocolHandler ["http-nio-8080"]
2021-11-23 11:19:46  INFO [org.apache.juli.logging.DirectJDKLog] - Starting service [Tomcat]
2021-11-23 11:19:46  INFO [org.apache.juli.logging.DirectJDKLog] - Starting Servlet engine: [Apache Tomcat/9.0.52]
2021-11-23 11:19:47  INFO [org.apache.juli.logging.DirectJDKLog] - At least one JAR was scanned for TLDs yet contained no TLDs. Enable debug logging for this logger for a complete list of JARs that were scanned but no TLDs were found in them. Skipping unneeded JARs during scanning can improve startup time and JSP compilation time.
2021-11-23 11:19:47  INFO [org.apache.juli.logging.DirectJDKLog] - Initializing Spring embedded WebApplicationContext
2021-11-23 11:19:47  INFO [org.springframework.boot.web.servlet.context.ServletWebServerApplicationContext] - Root WebApplicationContext: initialization completed in 159 ms
2021-11-23 11:19:47  INFO [org.springframework.boot.autoconfigure.web.servlet.WelcomePageHandlerMapping] - Adding welcome page template: index
2021-11-23 11:19:47  INFO [org.springframework.boot.devtools.autoconfigure.OptionalLiveReloadServer] - LiveReload server is running on port 35729
2021-11-23 11:19:47  INFO [org.apache.juli.logging.DirectJDKLog] - Starting ProtocolHandler ["http-nio-8080"]
2021-11-23 11:19:47  INFO [org.springframework.boot.web.embedded.tomcat.TomcatWebServer] - Tomcat started on port(s): 8080 (http) with context path ''
2021-11-23 11:19:47  INFO [org.springframework.boot.StartupInfoLogger] - Started SynctreeRfcApplication in 0.258 seconds (JVM running for 205.925)
2021-11-23 11:19:47  INFO [org.springframework.boot.devtools.autoconfigure.ConditionEvaluationDeltaLoggingListener] - Condition evaluation unchanged
2021-11-23 14:37:36  INFO [org.springframework.boot.admin.SpringApplicationAdminMXBeanRegistrar$SpringApplicationAdmin] - Application shutdown requested.
