2021-11-08 15:01:08  INFO [org.springframework.boot.StartupInfoLogger] - Starting SynctreeRfcApplication using Java 16.0.2 on DESKTOP-4HH6JA9 with PID 7944 (C:\Projects\SyncTreeRFC\synctree-rfc\SynctreeRFC\target\classes started by User in C:\Projects\SyncTreeRFC\synctree-rfc\SynctreeRFC)
2021-11-08 15:01:08  INFO [org.springframework.boot.SpringApplication] - No active profile set, falling back to default profiles: default
2021-11-08 15:01:08  INFO [org.springframework.boot.logging.DeferredLog] - Devtools property defaults active! Set 'spring.devtools.add-properties' to 'false' to disable
2021-11-08 15:01:08  INFO [org.springframework.boot.logging.DeferredLog] - For additional web related logging consider setting the 'logging.level.web' property to 'DEBUG'
2021-11-08 15:01:09  INFO [org.springframework.context.support.PostProcessorRegistrationDelegate$BeanPostProcessorChecker] - Bean 'org.springframework.ws.config.annotation.DelegatingWsConfiguration' of type [org.springframework.ws.config.annotation.DelegatingWsConfiguration$$EnhancerBySpringCGLIB$$638d56d8] is not eligible for getting processed by all BeanPostProcessors (for example: not eligible for auto-proxying)
2021-11-08 15:01:09  INFO [org.springframework.ws.soap.addressing.server.AbstractAddressingEndpointMapping] - Supporting [WS-Addressing August 2004, WS-Addressing 1.0]
2021-11-08 15:01:09  INFO [org.springframework.boot.web.embedded.tomcat.TomcatWebServer] - Tomcat initialized with port(s): 8070 (http)
2021-11-08 15:01:09  INFO [org.apache.juli.logging.DirectJDKLog] - Initializing ProtocolHandler ["http-nio-8070"]
2021-11-08 15:01:09  INFO [org.apache.juli.logging.DirectJDKLog] - Starting service [Tomcat]
2021-11-08 15:01:09  INFO [org.apache.juli.logging.DirectJDKLog] - Starting Servlet engine: [Apache Tomcat/9.0.52]
2021-11-08 15:01:09  INFO [org.apache.juli.logging.DirectJDKLog] - At least one JAR was scanned for TLDs yet contained no TLDs. Enable debug logging for this logger for a complete list of JARs that were scanned but no TLDs were found in them. Skipping unneeded JARs during scanning can improve startup time and JSP compilation time.
2021-11-08 15:01:09  INFO [org.apache.juli.logging.DirectJDKLog] - Initializing Spring embedded WebApplicationContext
2021-11-08 15:01:09  INFO [org.springframework.boot.web.servlet.context.ServletWebServerApplicationContext] - Root WebApplicationContext: initialization completed in 840 ms
2021-11-08 15:01:09  INFO [org.springframework.boot.devtools.autoconfigure.OptionalLiveReloadServer] - LiveReload server is running on port 35729
2021-11-08 15:01:09  INFO [org.apache.juli.logging.DirectJDKLog] - Starting ProtocolHandler ["http-nio-8070"]
2021-11-08 15:01:09  INFO [org.springframework.boot.web.embedded.tomcat.TomcatWebServer] - Tomcat started on port(s): 8070 (http) with context path ''
2021-11-08 15:01:09  INFO [org.springframework.boot.StartupInfoLogger] - Started SynctreeRfcApplication in 1.44 seconds (JVM running for 3.169)
2021-11-08 15:01:34  INFO [org.apache.juli.logging.DirectJDKLog] - Initializing Spring DispatcherServlet 'dispatcherServlet'
2021-11-08 15:01:34  INFO [org.springframework.web.servlet.FrameworkServlet] - Initializing Servlet 'dispatcherServlet'
2021-11-08 15:01:34  INFO [org.springframework.web.servlet.FrameworkServlet] - Completed initialization in 1 ms
2021-11-08 15:01:34  INFO [com.synctree.rfc.RemoteFunctionCall] - [className]: com.synctree.service.Aes256Util
2021-11-08 15:01:34  INFO [com.synctree.rfc.RemoteFunctionCall] - [functionName]: AES256Func
2021-11-08 15:01:34  INFO [com.synctree.rfc.RemoteFunctionCall] - [X-Synctree-Secure-Key]: d5858339179fe4e48bd2070b05aa894b
2021-11-08 15:01:34  INFO [com.synctree.rfc.RemoteFunctionCall] - [X-Synctree-Verification-Code]: aa4654baghe546
2021-11-08 15:01:35  INFO [com.synctree.rfc.RemoteFunctionCall] - [Secure Response] Status Code: 500, Response Message: Internal Server Error
2021-11-08 15:01:35 ERROR [com.synctree.rfc.RemoteFunctionCall] - [ErrorCode] 500, [ErrorMsg] Internal Server Error
2021-11-08 15:01:35  INFO [com.synctree.service.Aes256Util] - AES_Encode/Decode Method Call Succeed
2021-11-08 15:01:35 ERROR [com.synctree.rfc.RemoteFunctionCall] - InvocationTargetExceptionn from invoke()
2021-11-08 15:01:39  INFO [com.synctree.rfc.RemoteFunctionCall] - [className]: com.synctree.service.Aes256Util
2021-11-08 15:01:39  INFO [com.synctree.rfc.RemoteFunctionCall] - [functionName]: AES256Func
2021-11-08 15:01:39  INFO [com.synctree.rfc.RemoteFunctionCall] - [X-Synctree-Secure-Key]: 21210295d3d6b04b39301d1b72c4a618
2021-11-08 15:01:39  INFO [com.synctree.rfc.RemoteFunctionCall] - [X-Synctree-Verification-Code]: aa4654baghe546
2021-11-08 15:01:39  INFO [com.synctree.rfc.RemoteFunctionCall] - [Secure Response] Status Code: 500, Response Message: Internal Server Error
2021-11-08 15:01:39 ERROR [com.synctree.rfc.RemoteFunctionCall] - [ErrorCode] 500, [ErrorMsg] Internal Server Error
2021-11-08 15:01:39  INFO [com.synctree.service.Aes256Util] - AES_Encode/Decode Method Call Succeed
2021-11-08 15:01:39 ERROR [com.synctree.rfc.RemoteFunctionCall] - InvocationTargetExceptionn from invoke()
2021-11-08 16:10:19  INFO [org.springframework.boot.StartupInfoLogger] - Starting SynctreeRfcApplication using Java 16.0.2 on DESKTOP-4HH6JA9 with PID 7944 (C:\Projects\SyncTreeRFC\synctree-rfc\SynctreeRFC\target\classes started by User in C:\Projects\SyncTreeRFC\synctree-rfc\SynctreeRFC)
2021-11-08 16:10:19  INFO [org.springframework.boot.SpringApplication] - No active profile set, falling back to default profiles: default
2021-11-08 16:10:19  INFO [org.springframework.context.support.PostProcessorRegistrationDelegate$BeanPostProcessorChecker] - Bean 'org.springframework.ws.config.annotation.DelegatingWsConfiguration' of type [org.springframework.ws.config.annotation.DelegatingWsConfiguration$$EnhancerBySpringCGLIB$$638d56d8] is not eligible for getting processed by all BeanPostProcessors (for example: not eligible for auto-proxying)
2021-11-08 16:10:19  INFO [org.springframework.ws.soap.addressing.server.AbstractAddressingEndpointMapping] - Supporting [WS-Addressing August 2004, WS-Addressing 1.0]
2021-11-08 16:10:19  INFO [org.springframework.boot.web.embedded.tomcat.TomcatWebServer] - Tomcat initialized with port(s): 8070 (http)
2021-11-08 16:10:19  INFO [org.apache.juli.logging.DirectJDKLog] - Initializing ProtocolHandler ["http-nio-8070"]
2021-11-08 16:10:19  INFO [org.apache.juli.logging.DirectJDKLog] - Starting service [Tomcat]
2021-11-08 16:10:19  INFO [org.apache.juli.logging.DirectJDKLog] - Starting Servlet engine: [Apache Tomcat/9.0.52]
2021-11-08 16:10:19  INFO [org.apache.juli.logging.DirectJDKLog] - At least one JAR was scanned for TLDs yet contained no TLDs. Enable debug logging for this logger for a complete list of JARs that were scanned but no TLDs were found in them. Skipping unneeded JARs during scanning can improve startup time and JSP compilation time.
2021-11-08 16:10:19  INFO [org.apache.juli.logging.DirectJDKLog] - Initializing Spring embedded WebApplicationContext
2021-11-08 16:10:19  INFO [org.springframework.boot.web.servlet.context.ServletWebServerApplicationContext] - Root WebApplicationContext: initialization completed in 177 ms
2021-11-08 16:10:19  INFO [org.springframework.boot.devtools.autoconfigure.OptionalLiveReloadServer] - LiveReload server is running on port 35729
2021-11-08 16:10:19  INFO [org.apache.juli.logging.DirectJDKLog] - Starting ProtocolHandler ["http-nio-8070"]
2021-11-08 16:10:19  INFO [org.springframework.boot.web.embedded.tomcat.TomcatWebServer] - Tomcat started on port(s): 8070 (http) with context path ''
2021-11-08 16:10:19  INFO [org.springframework.boot.StartupInfoLogger] - Started SynctreeRfcApplication in 0.289 seconds (JVM running for 4152.638)
2021-11-08 16:10:19  INFO [org.springframework.boot.devtools.autoconfigure.ConditionEvaluationDeltaLoggingListener] - Condition evaluation unchanged
2021-11-08 16:13:00  INFO [org.springframework.boot.StartupInfoLogger] - Starting SynctreeRfcApplication using Java 16.0.2 on DESKTOP-4HH6JA9 with PID 7944 (C:\Projects\SyncTreeRFC\synctree-rfc\SynctreeRFC\target\classes started by User in C:\Projects\SyncTreeRFC\synctree-rfc\SynctreeRFC)
2021-11-08 16:13:00  INFO [org.springframework.boot.SpringApplication] - No active profile set, falling back to default profiles: default
2021-11-08 16:13:00  INFO [org.springframework.context.support.PostProcessorRegistrationDelegate$BeanPostProcessorChecker] - Bean 'org.springframework.ws.config.annotation.DelegatingWsConfiguration' of type [org.springframework.ws.config.annotation.DelegatingWsConfiguration$$EnhancerBySpringCGLIB$$638d56d8] is not eligible for getting processed by all BeanPostProcessors (for example: not eligible for auto-proxying)
2021-11-08 16:13:00  INFO [org.springframework.ws.soap.addressing.server.AbstractAddressingEndpointMapping] - Supporting [WS-Addressing August 2004, WS-Addressing 1.0]
2021-11-08 16:13:00  INFO [org.springframework.boot.web.embedded.tomcat.TomcatWebServer] - Tomcat initialized with port(s): 8070 (http)
2021-11-08 16:13:00  INFO [org.apache.juli.logging.DirectJDKLog] - Initializing ProtocolHandler ["http-nio-8070"]
2021-11-08 16:13:00  INFO [org.apache.juli.logging.DirectJDKLog] - Starting service [Tomcat]
2021-11-08 16:13:00  INFO [org.apache.juli.logging.DirectJDKLog] - Starting Servlet engine: [Apache Tomcat/9.0.52]
2021-11-08 16:13:00  INFO [org.apache.juli.logging.DirectJDKLog] - At least one JAR was scanned for TLDs yet contained no TLDs. Enable debug logging for this logger for a complete list of JARs that were scanned but no TLDs were found in them. Skipping unneeded JARs during scanning can improve startup time and JSP compilation time.
2021-11-08 16:13:00  INFO [org.apache.juli.logging.DirectJDKLog] - Initializing Spring embedded WebApplicationContext
2021-11-08 16:13:00  INFO [org.springframework.boot.web.servlet.context.ServletWebServerApplicationContext] - Root WebApplicationContext: initialization completed in 150 ms
2021-11-08 16:13:00  INFO [org.springframework.boot.devtools.autoconfigure.OptionalLiveReloadServer] - LiveReload server is running on port 35729
2021-11-08 16:13:00  INFO [org.apache.juli.logging.DirectJDKLog] - Starting ProtocolHandler ["http-nio-8070"]
2021-11-08 16:13:00  INFO [org.springframework.boot.web.embedded.tomcat.TomcatWebServer] - Tomcat started on port(s): 8070 (http) with context path ''
2021-11-08 16:13:00  INFO [org.springframework.boot.StartupInfoLogger] - Started SynctreeRfcApplication in 0.253 seconds (JVM running for 4314.084)
2021-11-08 16:13:00  INFO [org.springframework.boot.devtools.autoconfigure.ConditionEvaluationDeltaLoggingListener] - Condition evaluation unchanged
2021-11-08 16:13:01  INFO [org.springframework.boot.StartupInfoLogger] - Starting SynctreeRfcApplication using Java 16.0.2 on DESKTOP-4HH6JA9 with PID 6548 (C:\Projects\SyncTreeRFC\synctree-rfc\SynctreeRFC\target\classes started by User in C:\Projects\SyncTreeRFC\synctree-rfc\SynctreeRFC)
2021-11-08 16:13:01  INFO [org.springframework.boot.SpringApplication] - No active profile set, falling back to default profiles: default
2021-11-08 16:13:01  INFO [org.springframework.boot.logging.DeferredLog] - Devtools property defaults active! Set 'spring.devtools.add-properties' to 'false' to disable
2021-11-08 16:13:01  INFO [org.springframework.boot.logging.DeferredLog] - For additional web related logging consider setting the 'logging.level.web' property to 'DEBUG'
2021-11-08 16:13:02  INFO [org.springframework.context.support.PostProcessorRegistrationDelegate$BeanPostProcessorChecker] - Bean 'org.springframework.ws.config.annotation.DelegatingWsConfiguration' of type [org.springframework.ws.config.annotation.DelegatingWsConfiguration$$EnhancerBySpringCGLIB$$c63c1799] is not eligible for getting processed by all BeanPostProcessors (for example: not eligible for auto-proxying)
2021-11-08 16:13:02  INFO [org.springframework.ws.soap.addressing.server.AbstractAddressingEndpointMapping] - Supporting [WS-Addressing August 2004, WS-Addressing 1.0]
2021-11-08 16:13:02  INFO [org.springframework.boot.web.embedded.tomcat.TomcatWebServer] - Tomcat initialized with port(s): 8070 (http)
2021-11-08 16:13:02  INFO [org.apache.juli.logging.DirectJDKLog] - Initializing ProtocolHandler ["http-nio-8070"]
2021-11-08 16:13:02  INFO [org.apache.juli.logging.DirectJDKLog] - Starting service [Tomcat]
2021-11-08 16:13:02  INFO [org.apache.juli.logging.DirectJDKLog] - Starting Servlet engine: [Apache Tomcat/9.0.52]
2021-11-08 16:13:02  INFO [org.apache.juli.logging.DirectJDKLog] - At least one JAR was scanned for TLDs yet contained no TLDs. Enable debug logging for this logger for a complete list of JARs that were scanned but no TLDs were found in them. Skipping unneeded JARs during scanning can improve startup time and JSP compilation time.
2021-11-08 16:13:02  INFO [org.apache.juli.logging.DirectJDKLog] - Initializing Spring embedded WebApplicationContext
2021-11-08 16:13:02  INFO [org.springframework.boot.web.servlet.context.ServletWebServerApplicationContext] - Root WebApplicationContext: initialization completed in 706 ms
2021-11-08 16:13:02  WARN [org.springframework.boot.devtools.autoconfigure.OptionalLiveReloadServer] - Unable to start LiveReload server
2021-11-08 16:13:02  INFO [org.apache.juli.logging.DirectJDKLog] - Starting ProtocolHandler ["http-nio-8070"]
2021-11-08 16:13:02  WARN [org.springframework.context.support.AbstractApplicationContext] - Exception encountered during context initialization - cancelling refresh attempt: org.springframework.context.ApplicationContextException: Failed to start bean 'webServerStartStop'; nested exception is org.springframework.boot.web.server.PortInUseException: Port 8070 is already in use
2021-11-08 16:13:02  INFO [org.apache.juli.logging.DirectJDKLog] - Pausing ProtocolHandler ["http-nio-8070"]
2021-11-08 16:13:02  INFO [org.apache.juli.logging.DirectJDKLog] - Stopping service [Tomcat]
2021-11-08 16:13:02  INFO [org.apache.juli.logging.DirectJDKLog] - Stopping ProtocolHandler ["http-nio-8070"]
2021-11-08 16:13:02  INFO [org.apache.juli.logging.DirectJDKLog] - Destroying ProtocolHandler ["http-nio-8070"]
2021-11-08 16:13:02  INFO [org.springframework.boot.autoconfigure.logging.ConditionEvaluationReportLoggingListener] - 

Error starting ApplicationContext. To display the conditions report re-run your application with 'debug' enabled.
2021-11-08 16:13:02 ERROR [org.springframework.boot.diagnostics.LoggingFailureAnalysisReporter] - 

***************************
APPLICATION FAILED TO START
***************************

Description:

Web server failed to start. Port 8070 was already in use.

Action:

Identify and stop the process that's listening on port 8070 or configure this application to listen on another port.

2021-11-08 16:13:05  INFO [org.springframework.boot.admin.SpringApplicationAdminMXBeanRegistrar$SpringApplicationAdmin] - Application shutdown requested.
2021-11-08 16:13:09  INFO [org.springframework.boot.StartupInfoLogger] - Starting SynctreeRfcApplication using Java 16.0.2 on DESKTOP-4HH6JA9 with PID 8276 (C:\Projects\SyncTreeRFC\synctree-rfc\SynctreeRFC\target\classes started by User in C:\Projects\SyncTreeRFC\synctree-rfc\SynctreeRFC)
2021-11-08 16:13:09  INFO [org.springframework.boot.SpringApplication] - No active profile set, falling back to default profiles: default
2021-11-08 16:13:09  INFO [org.springframework.boot.logging.DeferredLog] - Devtools property defaults active! Set 'spring.devtools.add-properties' to 'false' to disable
2021-11-08 16:13:09  INFO [org.springframework.boot.logging.DeferredLog] - For additional web related logging consider setting the 'logging.level.web' property to 'DEBUG'
2021-11-08 16:13:09  INFO [org.springframework.context.support.PostProcessorRegistrationDelegate$BeanPostProcessorChecker] - Bean 'org.springframework.ws.config.annotation.DelegatingWsConfiguration' of type [org.springframework.ws.config.annotation.DelegatingWsConfiguration$$EnhancerBySpringCGLIB$$85b57d41] is not eligible for getting processed by all BeanPostProcessors (for example: not eligible for auto-proxying)
2021-11-08 16:13:09  INFO [org.springframework.ws.soap.addressing.server.AbstractAddressingEndpointMapping] - Supporting [WS-Addressing August 2004, WS-Addressing 1.0]
2021-11-08 16:13:09  INFO [org.springframework.boot.web.embedded.tomcat.TomcatWebServer] - Tomcat initialized with port(s): 8070 (http)
2021-11-08 16:13:09  INFO [org.apache.juli.logging.DirectJDKLog] - Initializing ProtocolHandler ["http-nio-8070"]
2021-11-08 16:13:09  INFO [org.apache.juli.logging.DirectJDKLog] - Starting service [Tomcat]
2021-11-08 16:13:09  INFO [org.apache.juli.logging.DirectJDKLog] - Starting Servlet engine: [Apache Tomcat/9.0.52]
2021-11-08 16:13:09  INFO [org.apache.juli.logging.DirectJDKLog] - At least one JAR was scanned for TLDs yet contained no TLDs. Enable debug logging for this logger for a complete list of JARs that were scanned but no TLDs were found in them. Skipping unneeded JARs during scanning can improve startup time and JSP compilation time.
2021-11-08 16:13:09  INFO [org.apache.juli.logging.DirectJDKLog] - Initializing Spring embedded WebApplicationContext
2021-11-08 16:13:09  INFO [org.springframework.boot.web.servlet.context.ServletWebServerApplicationContext] - Root WebApplicationContext: initialization completed in 688 ms
2021-11-08 16:13:10  INFO [org.springframework.boot.devtools.autoconfigure.OptionalLiveReloadServer] - LiveReload server is running on port 35729
2021-11-08 16:13:10  INFO [org.apache.juli.logging.DirectJDKLog] - Starting ProtocolHandler ["http-nio-8070"]
2021-11-08 16:13:10  INFO [org.springframework.boot.web.embedded.tomcat.TomcatWebServer] - Tomcat started on port(s): 8070 (http) with context path ''
2021-11-08 16:13:10  INFO [org.springframework.boot.StartupInfoLogger] - Started SynctreeRfcApplication in 1.23 seconds (JVM running for 1.821)
2021-11-08 16:13:14  INFO [org.apache.juli.logging.DirectJDKLog] - Initializing Spring DispatcherServlet 'dispatcherServlet'
2021-11-08 16:13:14  INFO [org.springframework.web.servlet.FrameworkServlet] - Initializing Servlet 'dispatcherServlet'
2021-11-08 16:13:14  INFO [org.springframework.web.servlet.FrameworkServlet] - Completed initialization in 1 ms
2021-11-08 16:13:14  INFO [com.synctree.rfc.RemoteFunctionCall] - [className]: com.synctree.service.Aes256Util
2021-11-08 16:13:14  INFO [com.synctree.rfc.RemoteFunctionCall] - [functionName]: AES256Func
2021-11-08 16:13:14  INFO [com.synctree.rfc.RemoteFunctionCall] - [X-Synctree-Secure-Key]: 67aad2191986955840d6261c17690910
2021-11-08 16:13:14  INFO [com.synctree.rfc.RemoteFunctionCall] - [X-Synctree-Verification-Code]: aa4654baghe546
2021-11-08 16:13:15  INFO [com.synctree.rfc.RemoteFunctionCall] - [Secure Response] Status Code: 200, Response Message: OK
2021-11-08 16:13:15  INFO [com.synctree.rfc.RemoteFunctionCall] - [params] {"param1":"Hello, Synctree!","param2":"8vWbVc9G2b+8MJMnPhtxP\/9\/RCv4MT8sudzQZ6X3Cio="}
2021-11-08 16:13:15  INFO [com.synctree.service.Aes256Util] - AES_Encode/Decode Method Call Succeed
2021-11-08 16:13:15  INFO [com.synctree.service.Aes256Util] - AES_Encode/Decode Method End
2021-11-08 16:13:18  INFO [com.synctree.rfc.RemoteFunctionCall] - [className]: com.synctree.service.Aes256Util
2021-11-08 16:13:18  INFO [com.synctree.rfc.RemoteFunctionCall] - [functionName]: AES256Func
2021-11-08 16:13:18  INFO [com.synctree.rfc.RemoteFunctionCall] - [X-Synctree-Secure-Key]: a325a611de426e62f44f781ca4696709
2021-11-08 16:13:18  INFO [com.synctree.rfc.RemoteFunctionCall] - [X-Synctree-Verification-Code]: aa4654baghe546
2021-11-08 16:13:18  INFO [com.synctree.rfc.RemoteFunctionCall] - [Secure Response] Status Code: 200, Response Message: OK
2021-11-08 16:13:18  INFO [com.synctree.rfc.RemoteFunctionCall] - [params] {"param1":"Hello, Synctree!","param2":"8vWbVc9G2b+8MJMnPhtxP\/9\/RCv4MT8sudzQZ6X3Cio="}
2021-11-08 16:13:18  INFO [com.synctree.service.Aes256Util] - AES_Encode/Decode Method Call Succeed
2021-11-08 16:13:18  INFO [com.synctree.service.Aes256Util] - AES_Encode/Decode Method End
2021-11-08 16:33:58  INFO [org.springframework.boot.admin.SpringApplicationAdminMXBeanRegistrar$SpringApplicationAdmin] - Application shutdown requested.
