2021-11-26 15:39:05  INFO [org.springframework.boot.StartupInfoLogger] - Starting SynctreeRfcApplication using Java 1.8.0_301 on DESKTOP-4HH6JA9 with PID 4144 (C:\Projects\SyncTreeRFC\synctree-rfc\SynctreeRFC\target\classes started by User in C:\Projects\SyncTreeRFC\synctree-rfc\SynctreeRFC)
2021-11-26 15:39:05  INFO [org.springframework.boot.SpringApplication] - No active profile set, falling back to default profiles: default
2021-11-26 15:39:05  INFO [org.springframework.boot.logging.DeferredLog] - Devtools property defaults active! Set 'spring.devtools.add-properties' to 'false' to disable
2021-11-26 15:39:05  INFO [org.springframework.boot.logging.DeferredLog] - For additional web related logging consider setting the 'logging.level.web' property to 'DEBUG'
2021-11-26 15:39:05  INFO [org.springframework.context.support.PostProcessorRegistrationDelegate$BeanPostProcessorChecker] - Bean 'org.springframework.ws.config.annotation.DelegatingWsConfiguration' of type [org.springframework.ws.config.annotation.DelegatingWsConfiguration$$EnhancerBySpringCGLIB$$d3660643] is not eligible for getting processed by all BeanPostProcessors (for example: not eligible for auto-proxying)
2021-11-26 15:39:05  INFO [org.springframework.ws.soap.addressing.server.AbstractAddressingEndpointMapping] - Supporting [WS-Addressing August 2004, WS-Addressing 1.0]
2021-11-26 15:39:06  INFO [org.springframework.boot.web.embedded.tomcat.TomcatWebServer] - Tomcat initialized with port(s): 8070 (http)
2021-11-26 15:39:06  INFO [org.apache.juli.logging.DirectJDKLog] - Initializing ProtocolHandler ["http-nio-8070"]
2021-11-26 15:39:06  INFO [org.apache.juli.logging.DirectJDKLog] - Starting service [Tomcat]
2021-11-26 15:39:06  INFO [org.apache.juli.logging.DirectJDKLog] - Starting Servlet engine: [Apache Tomcat/9.0.52]
2021-11-26 15:39:06  INFO [org.apache.juli.logging.DirectJDKLog] - At least one JAR was scanned for TLDs yet contained no TLDs. Enable debug logging for this logger for a complete list of JARs that were scanned but no TLDs were found in them. Skipping unneeded JARs during scanning can improve startup time and JSP compilation time.
2021-11-26 15:39:06  INFO [org.apache.juli.logging.DirectJDKLog] - Initializing Spring embedded WebApplicationContext
2021-11-26 15:39:06  INFO [org.springframework.boot.web.servlet.context.ServletWebServerApplicationContext] - Root WebApplicationContext: initialization completed in 750 ms
2021-11-26 15:39:06  INFO [org.springframework.boot.autoconfigure.web.servlet.WelcomePageHandlerMapping] - Adding welcome page template: index
2021-11-26 15:39:06  INFO [org.springframework.boot.devtools.autoconfigure.OptionalLiveReloadServer] - LiveReload server is running on port 35729
2021-11-26 15:39:06  INFO [org.apache.juli.logging.DirectJDKLog] - Starting ProtocolHandler ["http-nio-8070"]
2021-11-26 15:39:06  INFO [org.springframework.boot.web.embedded.tomcat.TomcatWebServer] - Tomcat started on port(s): 8070 (http) with context path ''
2021-11-26 15:39:06  INFO [org.springframework.boot.StartupInfoLogger] - Started SynctreeRfcApplication in 1.332 seconds (JVM running for 1.919)
2021-11-26 15:41:04  INFO [org.apache.juli.logging.DirectJDKLog] - Initializing Spring DispatcherServlet 'dispatcherServlet'
2021-11-26 15:41:04  INFO [org.springframework.web.servlet.FrameworkServlet] - Initializing Servlet 'dispatcherServlet'
2021-11-26 15:41:04  INFO [org.springframework.web.servlet.FrameworkServlet] - Completed initialization in 1 ms
2021-11-26 15:41:04  INFO [com.synctree.framework.rfc.RFCController] - [className]: com.synctree.framework.rfc.UtilHandler
2021-11-26 15:41:04  INFO [com.synctree.framework.rfc.RFCController] - [functionName]: AES256Func
2021-11-26 15:41:04  INFO [com.synctree.framework.rfc.RFCController] - [X-Synctree-Secure-Key]: 621626d4399650fcdef5519f52c30ff0
2021-11-26 15:41:04  INFO [com.synctree.framework.rfc.RFCController] - [X-Synctree-Verification-Code]: aa4654baghe546
2021-11-26 15:41:05  INFO [com.synctree.framework.rfc.RFCController] - [Secure Protocol Response] Status Code: 200, Response Message: OK
2021-11-26 15:41:05  INFO [com.synctree.framework.rfc.RFCController] - [params] {"str1":"Hello, SyncTree!","str2":"8vWbVc9G2b+8MJMnPhtxP\/9\/RCv4MT8sudzQZ6X3Cio="}
2021-11-26 15:41:05  INFO [com.synctree.framework.rfc.UtilHandler] - AES_Encode/Decode Method Call Succeed
2021-11-26 15:41:05  INFO [com.synctree.framework.rfc.UtilHandler] - AES_Encode/Decode Method End
2021-11-26 15:47:29  INFO [com.synctree.framework.rfc.RFCController] - [className]: com.synctree.framework.rfc.InsureHandler
2021-11-26 15:47:29  INFO [com.synctree.framework.rfc.RFCController] - [functionName]: takeOutInsurance
2021-11-26 15:47:29  INFO [com.synctree.framework.rfc.RFCController] - [X-Synctree-Secure-Key]: 383f5f2d2ba86ab7f745d5edb6911c1d
2021-11-26 15:47:29  INFO [com.synctree.framework.rfc.RFCController] - [X-Synctree-Verification-Code]: aa4654baghe546
2021-11-26 15:47:30  INFO [com.synctree.framework.rfc.RFCController] - [Secure Protocol Response] Status Code: 200, Response Message: OK
2021-11-26 15:47:30  INFO [com.synctree.framework.rfc.RFCController] - [params] {"req":{"startDate":"2021-12-15 09","endDate":"2021-12-16 21","period":5,"prodType":"TR0001","totalPrice":"10780","payMethod":"card","customerInfo":{"custName":{"ko":"강형욱","en":"Hyunwook Gang"},"registNum":"8512201054862","phoneNum":"01056882165","email":"puppylover@ntuple.com","age":40,"gender":"M"}}}
2021-11-26 15:47:30  INFO [com.synctree.framework.rfc.InsureHandler] - [TakeOutInsurance Method Call suceed]
2021-11-26 15:47:30  INFO [com.synctree.framework.rfc.InsureHandler] - InsureDTO [startDate=2021-12-15 09, endDate=2021-12-16 21, birthDate=null, gender=M, prodType=TR0001, period=5, age=40, totalPrice=10780, payMethod=card, couponUseYn=null, contractStatusCode=null, custID=null, custNameKo=강형욱, custNameEn=Hyunwook Gang, registNum=8512201054862, phoneNum=01056882165, email=puppylover@ntuple.com, result=null]
2021-11-26 15:47:30  INFO [com.synctree.service.impl.InsureServiceImpl] - [TakeOutInsurance Business Logic Begin]
2021-11-26 15:47:30  INFO [com.zaxxer.hikari.HikariDataSource] - HikariPool-1 - Starting...
2021-11-26 15:47:30  INFO [com.zaxxer.hikari.HikariDataSource] - HikariPool-1 - Start completed.
2021-11-26 15:47:30  INFO [com.synctree.service.impl.InsureServiceImpl] - [TakeOutInsurance Business Logic End]
2021-11-26 15:47:30  INFO [com.synctree.framework.rfc.InsureHandler] - InsureDTO [startDate=2021-12-15 09, endDate=2021-12-16 21, birthDate=null, gender=M, prodType=TR0001, period=5, age=40, totalPrice=10780, payMethod=card, couponUseYn=N, contractStatusCode=001, custID=1000000179, custNameKo=강형욱, custNameEn=Hyunwook Gang, registNum=8512201054862, phoneNum=01056882165, email=puppylover@ntuple.com, result=[{resultCode=S001, contractID=5000000105, contractStatusCode=001, productName=참좋은 여행자 보험(고급형)}]]
2021-11-26 15:47:30  INFO [com.synctree.framework.rfc.InsureHandler] - [TakeOutInsurance Method End]
2021-11-26 17:06:12  INFO [org.springframework.boot.admin.SpringApplicationAdminMXBeanRegistrar$SpringApplicationAdmin] - Application shutdown requested.
2021-11-26 17:06:12  INFO [com.zaxxer.hikari.HikariDataSource] - HikariPool-1 - Shutdown initiated...
2021-11-26 17:06:12  INFO [com.zaxxer.hikari.HikariDataSource] - HikariPool-1 - Shutdown completed.
