2021-11-25 16:45:41  INFO [org.springframework.boot.StartupInfoLogger] - Starting SynctreeRfcApplication using Java 1.8.0_301 on DESKTOP-4HH6JA9 with PID 9776 (C:\Projects\SyncTreeRFC\synctree-rfc\SynctreeRFC\target\classes started by User in C:\Projects\SyncTreeRFC\synctree-rfc\SynctreeRFC)
2021-11-25 16:45:41  INFO [org.springframework.boot.SpringApplication] - No active profile set, falling back to default profiles: default
2021-11-25 16:45:41  INFO [org.springframework.boot.logging.DeferredLog] - Devtools property defaults active! Set 'spring.devtools.add-properties' to 'false' to disable
2021-11-25 16:45:41  INFO [org.springframework.boot.logging.DeferredLog] - For additional web related logging consider setting the 'logging.level.web' property to 'DEBUG'
2021-11-25 16:45:42  INFO [org.springframework.context.support.PostProcessorRegistrationDelegate$BeanPostProcessorChecker] - Bean 'org.springframework.ws.config.annotation.DelegatingWsConfiguration' of type [org.springframework.ws.config.annotation.DelegatingWsConfiguration$$EnhancerBySpringCGLIB$$451598a9] is not eligible for getting processed by all BeanPostProcessors (for example: not eligible for auto-proxying)
2021-11-25 16:45:42  INFO [org.springframework.ws.soap.addressing.server.AbstractAddressingEndpointMapping] - Supporting [WS-Addressing August 2004, WS-Addressing 1.0]
2021-11-25 16:45:42  INFO [org.springframework.boot.web.embedded.tomcat.TomcatWebServer] - Tomcat initialized with port(s): 8070 (http)
2021-11-25 16:45:42  INFO [org.apache.juli.logging.DirectJDKLog] - Initializing ProtocolHandler ["http-nio-8070"]
2021-11-25 16:45:42  INFO [org.apache.juli.logging.DirectJDKLog] - Starting service [Tomcat]
2021-11-25 16:45:42  INFO [org.apache.juli.logging.DirectJDKLog] - Starting Servlet engine: [Apache Tomcat/9.0.52]
2021-11-25 16:45:42  INFO [org.apache.juli.logging.DirectJDKLog] - At least one JAR was scanned for TLDs yet contained no TLDs. Enable debug logging for this logger for a complete list of JARs that were scanned but no TLDs were found in them. Skipping unneeded JARs during scanning can improve startup time and JSP compilation time.
2021-11-25 16:45:42  INFO [org.apache.juli.logging.DirectJDKLog] - Initializing Spring embedded WebApplicationContext
2021-11-25 16:45:42  INFO [org.springframework.boot.web.servlet.context.ServletWebServerApplicationContext] - Root WebApplicationContext: initialization completed in 763 ms
2021-11-25 16:45:42  INFO [org.springframework.boot.autoconfigure.web.servlet.WelcomePageHandlerMapping] - Adding welcome page template: index
2021-11-25 16:45:42  WARN [org.springframework.boot.devtools.autoconfigure.OptionalLiveReloadServer] - Unable to start LiveReload server
2021-11-25 16:45:42  INFO [org.apache.juli.logging.DirectJDKLog] - Starting ProtocolHandler ["http-nio-8070"]
2021-11-25 16:45:42  INFO [org.springframework.boot.web.embedded.tomcat.TomcatWebServer] - Tomcat started on port(s): 8070 (http) with context path ''
2021-11-25 16:45:43  INFO [org.springframework.boot.StartupInfoLogger] - Started SynctreeRfcApplication in 1.39 seconds (JVM running for 2.024)
2021-11-25 16:46:58  INFO [org.apache.juli.logging.DirectJDKLog] - Initializing Spring DispatcherServlet 'dispatcherServlet'
2021-11-25 16:46:58  INFO [org.springframework.web.servlet.FrameworkServlet] - Initializing Servlet 'dispatcherServlet'
2021-11-25 16:46:58  INFO [org.springframework.web.servlet.FrameworkServlet] - Completed initialization in 1 ms
2021-11-25 16:46:58  INFO [com.synctree.framework.rfc.RFCController] - [className]: com.synctree.framework.rfc.UtilHandler
2021-11-25 16:46:58  INFO [com.synctree.framework.rfc.RFCController] - [functionName]: AES256Func
2021-11-25 16:46:58  INFO [com.synctree.framework.rfc.RFCController] - [X-Synctree-Secure-Key]: e78b20969f864fc38c3f55af5b08da43
2021-11-25 16:46:58  INFO [com.synctree.framework.rfc.RFCController] - [X-Synctree-Verification-Code]: aa4654baghe546
2021-11-25 16:46:58  INFO [com.synctree.framework.rfc.RFCController] - [Secure Protocol Response] Status Code: 200, Response Message: OK
2021-11-25 16:46:58  INFO [com.synctree.framework.rfc.RFCController] - [params] {"str1":"Hello, SyncTree!","str2":"8vWbVc9G2b+8MJMnPhtxP\/9\/RCv4MT8sudzQZ6X3Cio="}
2021-11-25 16:46:58 ERROR [com.synctree.framework.rfc.RFCController] - ClassNotFoundException from Class.forName()
2021-11-25 16:47:02  INFO [com.synctree.framework.rfc.RFCController] - [className]: com.synctree.framework.rfc.UtilHandler
2021-11-25 16:47:02  INFO [com.synctree.framework.rfc.RFCController] - [functionName]: AES256Func
2021-11-25 16:47:02  INFO [com.synctree.framework.rfc.RFCController] - [X-Synctree-Secure-Key]: b961b2046e5ee3808bf086ed984d82c3
2021-11-25 16:47:02  INFO [com.synctree.framework.rfc.RFCController] - [X-Synctree-Verification-Code]: aa4654baghe546
2021-11-25 16:47:02  INFO [com.synctree.framework.rfc.RFCController] - [Secure Protocol Response] Status Code: 200, Response Message: OK
2021-11-25 16:47:02  INFO [com.synctree.framework.rfc.RFCController] - [params] {"str1":"Hello, SyncTree!","str2":"8vWbVc9G2b+8MJMnPhtxP\/9\/RCv4MT8sudzQZ6X3Cio="}
2021-11-25 16:47:02 ERROR [com.synctree.framework.rfc.RFCController] - ClassNotFoundException from Class.forName()
2021-11-25 16:47:24  INFO [org.springframework.boot.StartupInfoLogger] - Starting SynctreeRfcApplication using Java 1.8.0_301 on DESKTOP-4HH6JA9 with PID 9776 (C:\Projects\SyncTreeRFC\synctree-rfc\SynctreeRFC\target\classes started by User in C:\Projects\SyncTreeRFC\synctree-rfc\SynctreeRFC)
2021-11-25 16:47:24  INFO [org.springframework.boot.SpringApplication] - No active profile set, falling back to default profiles: default
2021-11-25 16:47:24  INFO [org.springframework.context.support.PostProcessorRegistrationDelegate$BeanPostProcessorChecker] - Bean 'org.springframework.ws.config.annotation.DelegatingWsConfiguration' of type [org.springframework.ws.config.annotation.DelegatingWsConfiguration$$EnhancerBySpringCGLIB$$451598a9] is not eligible for getting processed by all BeanPostProcessors (for example: not eligible for auto-proxying)
2021-11-25 16:47:24  INFO [org.springframework.ws.soap.addressing.server.AbstractAddressingEndpointMapping] - Supporting [WS-Addressing August 2004, WS-Addressing 1.0]
2021-11-25 16:47:24  INFO [org.springframework.boot.web.embedded.tomcat.TomcatWebServer] - Tomcat initialized with port(s): 8070 (http)
2021-11-25 16:47:24  INFO [org.apache.juli.logging.DirectJDKLog] - Initializing ProtocolHandler ["http-nio-8070"]
2021-11-25 16:47:24  INFO [org.apache.juli.logging.DirectJDKLog] - Starting service [Tomcat]
2021-11-25 16:47:24  INFO [org.apache.juli.logging.DirectJDKLog] - Starting Servlet engine: [Apache Tomcat/9.0.52]
2021-11-25 16:47:24  INFO [org.apache.juli.logging.DirectJDKLog] - At least one JAR was scanned for TLDs yet contained no TLDs. Enable debug logging for this logger for a complete list of JARs that were scanned but no TLDs were found in them. Skipping unneeded JARs during scanning can improve startup time and JSP compilation time.
2021-11-25 16:47:24  INFO [org.apache.juli.logging.DirectJDKLog] - Initializing Spring embedded WebApplicationContext
2021-11-25 16:47:24  INFO [org.springframework.boot.web.servlet.context.ServletWebServerApplicationContext] - Root WebApplicationContext: initialization completed in 175 ms
2021-11-25 16:47:25  INFO [org.springframework.boot.autoconfigure.web.servlet.WelcomePageHandlerMapping] - Adding welcome page template: index
2021-11-25 16:47:25  WARN [org.springframework.boot.devtools.autoconfigure.OptionalLiveReloadServer] - Unable to start LiveReload server
2021-11-25 16:47:25  INFO [org.apache.juli.logging.DirectJDKLog] - Starting ProtocolHandler ["http-nio-8070"]
2021-11-25 16:47:25  INFO [org.springframework.boot.web.embedded.tomcat.TomcatWebServer] - Tomcat started on port(s): 8070 (http) with context path ''
2021-11-25 16:47:25  INFO [org.springframework.boot.StartupInfoLogger] - Started SynctreeRfcApplication in 0.288 seconds (JVM running for 104.077)
2021-11-25 16:47:25  INFO [org.springframework.boot.devtools.autoconfigure.ConditionEvaluationDeltaLoggingListener] - Condition evaluation unchanged
2021-11-25 16:47:28  INFO [org.apache.juli.logging.DirectJDKLog] - Initializing Spring DispatcherServlet 'dispatcherServlet'
2021-11-25 16:47:28  INFO [org.springframework.web.servlet.FrameworkServlet] - Initializing Servlet 'dispatcherServlet'
2021-11-25 16:47:28  INFO [org.springframework.web.servlet.FrameworkServlet] - Completed initialization in 1 ms
2021-11-25 16:47:28  INFO [com.synctree.framework.rfc.RFCController] - [className]: com.synctree.framework.rfc.UtilHandler
2021-11-25 16:47:28  INFO [com.synctree.framework.rfc.RFCController] - [functionName]: AES256Func
2021-11-25 16:47:28  INFO [com.synctree.framework.rfc.RFCController] - [X-Synctree-Secure-Key]: 69ea55329c62520ea2487f8c492a2f00
2021-11-25 16:47:28  INFO [com.synctree.framework.rfc.RFCController] - [X-Synctree-Verification-Code]: aa4654baghe546
2021-11-25 16:47:28  INFO [com.synctree.framework.rfc.RFCController] - [Secure Protocol Response] Status Code: 200, Response Message: OK
2021-11-25 16:47:28  INFO [com.synctree.framework.rfc.RFCController] - [params] {"str1":"Hello, SyncTree!","str2":"8vWbVc9G2b+8MJMnPhtxP\/9\/RCv4MT8sudzQZ6X3Cio="}
2021-11-25 16:47:28  INFO [com.synctree.framework.rfc.UtilHandler] - AES_Encode/Decode Method Call Succeed
2021-11-25 16:47:28  INFO [com.synctree.framework.rfc.UtilHandler] - AES_Encode/Decode Method End
2021-11-25 16:48:16  INFO [org.springframework.boot.admin.SpringApplicationAdminMXBeanRegistrar$SpringApplicationAdmin] - Application shutdown requested.
