2022-01-25 10:07:32  INFO [org.springframework.boot.StartupInfoLogger] - Starting SynctreeRfcApplication using Java 1.8.0_301 on DESKTOP-4HH6JA9 with PID 12428 (C:\Projects\synctree-rfc\SynctreeRFC\target\classes started by User in C:\Projects\synctree-rfc\SynctreeRFC)
2022-01-25 10:07:32  INFO [org.springframework.boot.SpringApplication] - No active profile set, falling back to default profiles: default
2022-01-25 10:07:32  INFO [org.springframework.boot.logging.DeferredLog] - Devtools property defaults active! Set 'spring.devtools.add-properties' to 'false' to disable
2022-01-25 10:07:32  INFO [org.springframework.boot.logging.DeferredLog] - For additional web related logging consider setting the 'logging.level.web' property to 'DEBUG'
2022-01-25 10:07:33  INFO [org.springframework.boot.web.embedded.tomcat.TomcatWebServer] - Tomcat initialized with port(s): 8070 (http)
2022-01-25 10:07:33  INFO [org.apache.juli.logging.DirectJDKLog] - Initializing ProtocolHandler ["http-nio-8070"]
2022-01-25 10:07:33  INFO [org.apache.juli.logging.DirectJDKLog] - Starting service [Tomcat]
2022-01-25 10:07:33  INFO [org.apache.juli.logging.DirectJDKLog] - Starting Servlet engine: [Apache Tomcat/9.0.52]
2022-01-25 10:07:33  INFO [org.apache.juli.logging.DirectJDKLog] - At least one JAR was scanned for TLDs yet contained no TLDs. Enable debug logging for this logger for a complete list of JARs that were scanned but no TLDs were found in them. Skipping unneeded JARs during scanning can improve startup time and JSP compilation time.
2022-01-25 10:07:33  INFO [org.apache.juli.logging.DirectJDKLog] - Initializing Spring embedded WebApplicationContext
2022-01-25 10:07:33  INFO [org.springframework.boot.web.servlet.context.ServletWebServerApplicationContext] - Root WebApplicationContext: initialization completed in 722 ms
2022-01-25 10:07:33  INFO [org.springframework.boot.autoconfigure.web.servlet.WelcomePageHandlerMapping] - Adding welcome page: class path resource [WEB-INF/static/index.html]
2022-01-25 10:07:34  INFO [org.springframework.boot.devtools.autoconfigure.OptionalLiveReloadServer] - LiveReload server is running on port 35729
2022-01-25 10:07:34  INFO [org.apache.juli.logging.DirectJDKLog] - Starting ProtocolHandler ["http-nio-8070"]
2022-01-25 10:07:34  INFO [org.springframework.boot.web.embedded.tomcat.TomcatWebServer] - Tomcat started on port(s): 8070 (http) with context path ''
2022-01-25 10:07:34  INFO [org.springframework.boot.StartupInfoLogger] - Started SynctreeRfcApplication in 1.468 seconds (JVM running for 2.044)
2022-01-25 10:08:27  INFO [org.apache.juli.logging.DirectJDKLog] - Initializing Spring DispatcherServlet 'dispatcherServlet'
2022-01-25 10:08:27  INFO [org.springframework.web.servlet.FrameworkServlet] - Initializing Servlet 'dispatcherServlet'
2022-01-25 10:08:27  INFO [org.springframework.web.servlet.FrameworkServlet] - Completed initialization in 1 ms
2022-01-25 10:08:27  INFO [com.synctree.rfc.framework.RFCController] - [className]: com.synctree.rfc.handler.UtilHandler
2022-01-25 10:08:27  INFO [com.synctree.rfc.framework.RFCController] - [functionName]: AES256Func
2022-01-25 10:08:27  INFO [com.synctree.rfc.framework.RFCController] - [X-Synctree-Secure-Key]: d2a303ae790c72f00d5b2cd45ce229e6
2022-01-25 10:08:27  INFO [com.synctree.rfc.framework.RFCController] - [X-Synctree-Verification-Code]: aa4654baghe546
2022-01-25 10:08:28  INFO [com.synctree.rfc.framework.RFCController] - [Secure Protocol Response] Status Code: 200, Response Message: OK
2022-01-25 10:08:28  INFO [com.synctree.rfc.framework.RFCController] - [params] {"req":{"str1":"Hello, SyncTree!","str2":"8vWbVc9G2b+8MJMnPhtxP\/9\/RCv4MT8sudzQZ6X3Cio="}}
2022-01-25 10:08:28  INFO [com.synctree.rfc.handler.UtilHandler] - AES_Encode/Decode Method Call Succeed
2022-01-25 10:08:28  INFO [com.synctree.rfc.handler.UtilHandler] - AES_Encode/Decode Method End
2022-01-25 10:08:40  INFO [com.synctree.rfc.framework.RFCController] - [className]: com.synctree.rfc.handler.UtilHandler
2022-01-25 10:08:40  INFO [com.synctree.rfc.framework.RFCController] - [functionName]: AES256Func
2022-01-25 10:08:40  INFO [com.synctree.rfc.framework.RFCController] - [X-Synctree-Secure-Key]: 0a0416c6bdda1b594dd8c6eb2e2bbe57
2022-01-25 10:08:40  INFO [com.synctree.rfc.framework.RFCController] - [X-Synctree-Verification-Code]: aa4654baghe546
2022-01-25 10:08:40  INFO [com.synctree.rfc.framework.RFCController] - [Secure Protocol Response] Status Code: 200, Response Message: OK
2022-01-25 10:08:40  INFO [com.synctree.rfc.framework.RFCController] - [params] {"req":{"str1":"Hello, SyncTree!","str2":"8vWbVc9G2b+8MJMnPhtxP\/9\/RCv4MT8sudzQZ6X3Cio="}}
2022-01-25 10:08:40  INFO [com.synctree.rfc.handler.UtilHandler] - AES_Encode/Decode Method Call Succeed
2022-01-25 10:08:40  INFO [com.synctree.rfc.handler.UtilHandler] - AES_Encode/Decode Method End
