2021-12-07 12:31:55  INFO [org.springframework.boot.StartupInfoLogger] - Starting SynctreeRfcApplication using Java 1.8.0_301 on DESKTOP-4HH6JA9 with PID 15008 (C:\Projects\synctree-rfc\SynctreeRFC\target\classes started by User in C:\Projects\synctree-rfc\SynctreeRFC)
2021-12-07 12:31:55  INFO [org.springframework.boot.SpringApplication] - No active profile set, falling back to default profiles: default
2021-12-07 12:31:55  INFO [org.springframework.boot.logging.DeferredLog] - Devtools property defaults active! Set 'spring.devtools.add-properties' to 'false' to disable
2021-12-07 12:31:55  INFO [org.springframework.boot.logging.DeferredLog] - For additional web related logging consider setting the 'logging.level.web' property to 'DEBUG'
2021-12-07 12:31:56  INFO [org.springframework.context.support.PostProcessorRegistrationDelegate$BeanPostProcessorChecker] - Bean 'org.springframework.ws.config.annotation.DelegatingWsConfiguration' of type [org.springframework.ws.config.annotation.DelegatingWsConfiguration$$EnhancerBySpringCGLIB$$188eca8b] is not eligible for getting processed by all BeanPostProcessors (for example: not eligible for auto-proxying)
2021-12-07 12:31:56  INFO [org.springframework.ws.soap.addressing.server.AbstractAddressingEndpointMapping] - Supporting [WS-Addressing August 2004, WS-Addressing 1.0]
2021-12-07 12:31:56  INFO [org.springframework.boot.web.embedded.tomcat.TomcatWebServer] - Tomcat initialized with port(s): 8070 (http)
2021-12-07 12:31:56  INFO [org.apache.juli.logging.DirectJDKLog] - Initializing ProtocolHandler ["http-nio-8070"]
2021-12-07 12:31:56  INFO [org.apache.juli.logging.DirectJDKLog] - Starting service [Tomcat]
2021-12-07 12:31:56  INFO [org.apache.juli.logging.DirectJDKLog] - Starting Servlet engine: [Apache Tomcat/9.0.52]
2021-12-07 12:31:56  INFO [org.apache.juli.logging.DirectJDKLog] - At least one JAR was scanned for TLDs yet contained no TLDs. Enable debug logging for this logger for a complete list of JARs that were scanned but no TLDs were found in them. Skipping unneeded JARs during scanning can improve startup time and JSP compilation time.
2021-12-07 12:31:56  INFO [org.apache.juli.logging.DirectJDKLog] - Initializing Spring embedded WebApplicationContext
2021-12-07 12:31:56  INFO [org.springframework.boot.web.servlet.context.ServletWebServerApplicationContext] - Root WebApplicationContext: initialization completed in 768 ms
2021-12-07 12:31:56  INFO [org.springframework.boot.autoconfigure.web.servlet.WelcomePageHandlerMapping] - Adding welcome page template: index
2021-12-07 12:31:56  INFO [org.springframework.boot.devtools.autoconfigure.OptionalLiveReloadServer] - LiveReload server is running on port 35729
2021-12-07 12:31:56  INFO [org.apache.juli.logging.DirectJDKLog] - Starting ProtocolHandler ["http-nio-8070"]
2021-12-07 12:31:56  INFO [org.springframework.boot.web.embedded.tomcat.TomcatWebServer] - Tomcat started on port(s): 8070 (http) with context path ''
2021-12-07 12:31:56  INFO [org.springframework.boot.StartupInfoLogger] - Started SynctreeRfcApplication in 1.372 seconds (JVM running for 1.927)
2021-12-07 12:32:51  INFO [org.apache.juli.logging.DirectJDKLog] - Initializing Spring DispatcherServlet 'dispatcherServlet'
2021-12-07 12:32:51  INFO [org.springframework.web.servlet.FrameworkServlet] - Initializing Servlet 'dispatcherServlet'
2021-12-07 12:32:51  INFO [org.springframework.web.servlet.FrameworkServlet] - Completed initialization in 0 ms
2021-12-07 12:32:51  INFO [com.synctree.rfc.framework.RFCController] - [className]: com.synctree.rfc.handler.UtilHandler
2021-12-07 12:32:51  INFO [com.synctree.rfc.framework.RFCController] - [functionName]: AES256Func
2021-12-07 12:32:51  INFO [com.synctree.rfc.framework.RFCController] - [X-Synctree-Secure-Key]: 63750e81d54f8195bcd0ad835e2e1098
2021-12-07 12:32:51  INFO [com.synctree.rfc.framework.RFCController] - [X-Synctree-Verification-Code]: aa4654baghe546
2021-12-07 12:32:51  INFO [com.synctree.rfc.framework.RFCController] - [Secure Protocol Response] Status Code: 200, Response Message: OK
2021-12-07 12:32:51  INFO [com.synctree.rfc.framework.RFCController] - [params] {"req":{"str1":"Hello, SyncTree!","str2":"8vWbVc9G2b+8MJMnPhtxP\/9\/RCv4MT8sudzQZ6X3Cio="}}
2021-12-07 12:32:51  INFO [com.synctree.rfc.handler.UtilHandler] - AES_Encode/Decode Method Call Succeed
2021-12-07 12:32:51  INFO [com.synctree.rfc.handler.UtilHandler] - AES_Encode/Decode Method End
2021-12-07 12:32:57  INFO [org.springframework.boot.admin.SpringApplicationAdminMXBeanRegistrar$SpringApplicationAdmin] - Application shutdown requested.
