2021-11-29 16:22:25  INFO [org.springframework.boot.StartupInfoLogger] - Starting SynctreeRfcApplication using Java 1.8.0_301 on DESKTOP-4HH6JA9 with PID 17016 (C:\Projects\SyncTreeRFC\synctree-rfc\SynctreeRFC\target\classes started by User in C:\Projects\SyncTreeRFC\synctree-rfc\SynctreeRFC)
2021-11-29 16:22:25  INFO [org.springframework.boot.SpringApplication] - No active profile set, falling back to default profiles: default
2021-11-29 16:22:25  INFO [org.springframework.boot.logging.DeferredLog] - Devtools property defaults active! Set 'spring.devtools.add-properties' to 'false' to disable
2021-11-29 16:22:25  INFO [org.springframework.boot.logging.DeferredLog] - For additional web related logging consider setting the 'logging.level.web' property to 'DEBUG'
2021-11-29 16:22:26  INFO [org.springframework.context.support.PostProcessorRegistrationDelegate$BeanPostProcessorChecker] - Bean 'org.springframework.ws.config.annotation.DelegatingWsConfiguration' of type [org.springframework.ws.config.annotation.DelegatingWsConfiguration$$EnhancerBySpringCGLIB$$1ea5d11d] is not eligible for getting processed by all BeanPostProcessors (for example: not eligible for auto-proxying)
2021-11-29 16:22:26  INFO [org.springframework.ws.soap.addressing.server.AbstractAddressingEndpointMapping] - Supporting [WS-Addressing August 2004, WS-Addressing 1.0]
2021-11-29 16:22:26  INFO [org.springframework.boot.web.embedded.tomcat.TomcatWebServer] - Tomcat initialized with port(s): 8070 (http)
2021-11-29 16:22:26  INFO [org.apache.juli.logging.DirectJDKLog] - Initializing ProtocolHandler ["http-nio-8070"]
2021-11-29 16:22:26  INFO [org.apache.juli.logging.DirectJDKLog] - Starting service [Tomcat]
2021-11-29 16:22:26  INFO [org.apache.juli.logging.DirectJDKLog] - Starting Servlet engine: [Apache Tomcat/9.0.52]
2021-11-29 16:22:26  INFO [org.apache.juli.logging.DirectJDKLog] - At least one JAR was scanned for TLDs yet contained no TLDs. Enable debug logging for this logger for a complete list of JARs that were scanned but no TLDs were found in them. Skipping unneeded JARs during scanning can improve startup time and JSP compilation time.
2021-11-29 16:22:26  INFO [org.apache.juli.logging.DirectJDKLog] - Initializing Spring embedded WebApplicationContext
2021-11-29 16:22:26  INFO [org.springframework.boot.web.servlet.context.ServletWebServerApplicationContext] - Root WebApplicationContext: initialization completed in 1074 ms
2021-11-29 16:22:26  INFO [org.springframework.boot.autoconfigure.web.servlet.WelcomePageHandlerMapping] - Adding welcome page template: index
2021-11-29 16:22:26  INFO [org.springframework.boot.devtools.autoconfigure.OptionalLiveReloadServer] - LiveReload server is running on port 35729
2021-11-29 16:22:26  INFO [org.apache.juli.logging.DirectJDKLog] - Starting ProtocolHandler ["http-nio-8070"]
2021-11-29 16:22:26  INFO [org.springframework.boot.web.embedded.tomcat.TomcatWebServer] - Tomcat started on port(s): 8070 (http) with context path ''
2021-11-29 16:22:26  INFO [org.springframework.boot.StartupInfoLogger] - Started SynctreeRfcApplication in 1.786 seconds (JVM running for 2.535)
2021-11-29 16:22:38  INFO [org.apache.juli.logging.DirectJDKLog] - Initializing Spring DispatcherServlet 'dispatcherServlet'
2021-11-29 16:22:38  INFO [org.springframework.web.servlet.FrameworkServlet] - Initializing Servlet 'dispatcherServlet'
2021-11-29 16:22:38  INFO [org.springframework.web.servlet.FrameworkServlet] - Completed initialization in 1 ms
2021-11-29 16:22:38  INFO [com.synctree.framework.rfc.RFCController] - [className]: com.synctree.framework.rfc.UtilHandler
2021-11-29 16:22:38  INFO [com.synctree.framework.rfc.RFCController] - [functionName]: AES256Func
2021-11-29 16:22:38  INFO [com.synctree.framework.rfc.RFCController] - [X-Synctree-Secure-Key]: b14a79ad5d97094a2ddd6db074d26e56
2021-11-29 16:22:38  INFO [com.synctree.framework.rfc.RFCController] - [X-Synctree-Verification-Code]: aa4654baghe546
2021-11-29 16:22:38  INFO [com.synctree.framework.rfc.RFCController] - [Secure Protocol Response] Status Code: 200, Response Message: OK
2021-11-29 16:22:38  INFO [com.synctree.framework.rfc.RFCController] - [params] {"str1":"Hello, SyncTree!","str2":"8vWbVc9G2b+8MJMnPhtxP\/9\/RCv4MT8sudzQZ6X3Cio="}
2021-11-29 16:22:38  INFO [com.synctree.framework.rfc.UtilHandler] - AES_Encode/Decode Method Call Succeed
2021-11-29 16:22:38  INFO [com.synctree.framework.rfc.UtilHandler] - AES_Encode/Decode Method End
2021-11-29 16:23:40  INFO [com.synctree.framework.rfc.RFCController] - [className]: com.synctree.framework.rfc.UtilHandler
2021-11-29 16:23:40  INFO [com.synctree.framework.rfc.RFCController] - [functionName]: AES256Func
2021-11-29 16:23:40  INFO [com.synctree.framework.rfc.RFCController] - [X-Synctree-Secure-Key]: dde9c9fbb498d7fef5e857ea6b1a52cb
2021-11-29 16:23:40  INFO [com.synctree.framework.rfc.RFCController] - [X-Synctree-Verification-Code]: aa4654baghe546
2021-11-29 16:23:40  INFO [com.synctree.framework.rfc.RFCController] - [Secure Protocol Response] Status Code: 200, Response Message: OK
2021-11-29 16:23:40  INFO [com.synctree.framework.rfc.RFCController] - [params] {"str1":"Hello, SyncTree!","str2":"8vWbVc9G2b+8MJMnPhtxP\/9\/RCv4MT8sudzQZ6X3Cio="}
2021-11-29 16:23:40  INFO [com.synctree.framework.rfc.UtilHandler] - AES_Encode/Decode Method Call Succeed
2021-11-29 16:23:40  INFO [com.synctree.framework.rfc.UtilHandler] - AES_Encode/Decode Method End
2021-11-29 16:34:22  INFO [com.synctree.framework.rfc.RFCController] - [className]: com.synctree.framework.rfc.UtilHandler
2021-11-29 16:34:22  INFO [com.synctree.framework.rfc.RFCController] - [functionName]: AES256Func
2021-11-29 16:34:22  INFO [com.synctree.framework.rfc.RFCController] - [X-Synctree-Secure-Key]: 6caa627bce1f179d2bbe74bb81d8d7cb
2021-11-29 16:34:22  INFO [com.synctree.framework.rfc.RFCController] - [X-Synctree-Verification-Code]: aa4654baghe546
2021-11-29 16:34:22  INFO [com.synctree.framework.rfc.RFCController] - [Secure Protocol Response] Status Code: 200, Response Message: OK
2021-11-29 16:34:22  INFO [com.synctree.framework.rfc.RFCController] - [params] {"str1":"Hello, SyncTree!","str2":"8vWbVc9G2b+8MJMnPhtxP\/9\/RCv4MT8sudzQZ6X3Cio="}
2021-11-29 16:34:22  INFO [com.synctree.framework.rfc.UtilHandler] - AES_Encode/Decode Method Call Succeed
2021-11-29 16:34:22  INFO [com.synctree.framework.rfc.UtilHandler] - AES_Encode/Decode Method End
2021-11-29 17:06:15  INFO [org.springframework.boot.admin.SpringApplicationAdminMXBeanRegistrar$SpringApplicationAdmin] - Application shutdown requested.
